<?xml version="1.0" encoding="UTF-8"?>
<testng-results ignored="0" total="2" passed="2" failed="0" skipped="0">
  <reporter-output>
  </reporter-output>
  <suite started-at="2024-09-19T03:41:17 PKT" name="Default suite" finished-at="2024-09-19T03:41:26 PKT" duration-ms="9147">
    <groups>
    </groups>
    <test started-at="2024-09-19T03:41:17 PKT" name="Default test" finished-at="2024-09-19T03:41:26 PKT" duration-ms="9147">
      <class name="testCases.LoginTest">
        <test-method is-config="true" signature="setup()[pri:0, instance:testCases.LoginTest@1b2abca6]" started-at="2024-09-19T03:41:17 PKT" name="setup" finished-at="2024-09-19T03:41:25 PKT" duration-ms="7801" status="PASS">
          <reporter-output>
          </reporter-output>
        </test-method> <!-- setup -->
        <test-method signature="getheading()[pri:0, instance:testCases.LoginTest@1b2abca6]" started-at="2024-09-19T03:41:25 PKT" name="getheading" finished-at="2024-09-19T03:41:25 PKT" duration-ms="35" status="PASS">
          <reporter-output>
          </reporter-output>
        </test-method> <!-- getheading -->
        <test-method signature="testValidateLogin()[pri:0, instance:testCases.LoginTest@1b2abca6]" started-at="2024-09-19T03:41:25 PKT" name="testValidateLogin" finished-at="2024-09-19T03:41:26 PKT" duration-ms="1168" status="PASS">
          <reporter-output>
          </reporter-output>
        </test-method> <!-- testValidateLogin -->
        <test-method is-config="true" signature="teardown()[pri:0, instance:testCases.LoginTest@1b2abca6]" started-at="2024-09-19T03:41:26 PKT" name="teardown" finished-at="2024-09-19T03:41:26 PKT" duration-ms="114" status="PASS">
          <reporter-output>
          </reporter-output>
        </test-method> <!-- teardown -->
      </class> <!-- testCases.LoginTest -->
    </test> <!-- Default test -->
  </suite> <!-- Default suite -->
</testng-results>
