<?xml version="1.0" encoding="UTF-8"?>
<!-- Generated by org.testng.reporters.JUnitXMLReporter -->
<testsuite ignored="1" hostname="RC2040" failures="0" tests="9" name="Login" time="1.126" errors="0" timestamp="2024-09-18T05:04:09 PKT">
  <testcase classname="com.mvn.testng.project.MVNTestNGTest1" name="validateTitle" time="0.011"/>
  <testcase classname="com.mvn.testng.project.MvnTestNGTest" name="activeTest" time="0.001"/>
  <testcase classname="com.mvn.testng.project.MvnTestNGTest" name="loginTest" time="0.002"/>
  <testcase classname="com.mvn.testng.project.MvnTestNGTest" name="repeatTest" time="0.003"/>
  <testcase classname="com.mvn.testng.project.MvnTestNGTest" name="repeatTest" time="0.002"/>
  <testcase classname="com.mvn.testng.project.MvnTestNGTest" name="repeatTest" time="0.001"/>
  <testcase classname="com.mvn.testng.project.MvnTestNGTest" name="timeSensitiveTest" time="1.017"/>
  <testcase classname="com.mvn.testng.project.MvnTestNGTest" name="userRegistration" time="0.003"/>
  <testcase classname="com.mvn.testng.project.MvnTestNGTest" name="login" time="0.003"/>
  <testcase classname="com.mvn.testng.project.MvnTestNGTest" name="skippedTest" time="0.0">
    <ignored/>
  </testcase> <!-- skippedTest -->
</testsuite> <!-- Login -->
