<?xml version="1.0" encoding="UTF-8"?>
<testng-results ignored="0" total="1" passed="1" failed="0" skipped="0">
  <reporter-output>
  </reporter-output>
  <suite started-at="2024-09-20T04:09:25 PKT" name="Data Suite" finished-at="2024-09-20T04:09:26 PKT" duration-ms="1100">
    <groups>
    </groups>
    <test started-at="2024-09-20T04:09:25 PKT" name="Read Excel data" finished-at="2024-09-20T04:09:26 PKT" duration-ms="1100">
      <class name="readDataExcel.ReadExcelSheet">
        <test-method signature="dataReadTest()[pri:0, instance:readDataExcel.ReadExcelSheet@bd4dc25]" started-at="2024-09-20T04:09:25 PKT" name="dataReadTest" finished-at="2024-09-20T04:09:26 PKT" duration-ms="1046" status="PASS">
          <reporter-output>
          </reporter-output>
        </test-method> <!-- dataReadTest -->
      </class> <!-- readDataExcel.ReadExcelSheet -->
    </test> <!-- Read Excel data -->
  </suite> <!-- Data Suite -->
</testng-results>
