<?xml version="1.0" encoding="UTF-8"?>
<!-- Generated by org.testng.reporters.JUnitXMLReporter -->
<testsuite ignored="1" hostname="RC2040" failures="0" tests="13" name="Data Provider" time="1.135" errors="0" timestamp="2024-09-18T05:04:11 PKT">
  <testcase classname="com.mvn.testng.project.MvnTestNGTest" name="activeTest" time="0.004"/>
  <testcase classname="com.mvn.testng.project.MvnTestNGTest" name="loginTest" time="0.003"/>
  <testcase classname="com.mvn.testng.project.MvnTestNGTest" name="repeatTest" time="0.003"/>
  <testcase classname="com.mvn.testng.project.MvnTestNGTest" name="repeatTest" time="0.005"/>
  <testcase classname="com.mvn.testng.project.MvnTestNGTest" name="repeatTest" time="0.004"/>
  <testcase classname="com.mvn.testng.project.MvnTestNGTest" name="timeSensitiveTest" time="1.008"/>
  <testcase classname="com.mvn.testng.project.MvnTestNGTest" name="userRegistration" time="0.002"/>
  <testcase classname="com.mvn.testng.project.MvnTestNGTest" name="login" time="0.004"/>
  <testcase classname="com.mvn.testng.project.MVNTestNGTest1" name="validateTitle" time="0.002"/>
  <testcase classname="com.mvn.testng.project.MyTest" name="testMethod" time="0.003"/>
  <testcase classname="com.mvn.testng.project.MyTest" name="testMethod" time="0.004"/>
  <testcase classname="com.mvn.testng.project.MyTest" name="testMethod" time="0.007"/>
  <testcase classname="com.mvn.testng.project.MyTest" name="testMethod" time="0.01"/>
  <testcase classname="com.mvn.testng.project.MvnTestNGTest" name="skippedTest" time="0.0">
    <ignored/>
  </testcase> <!-- skippedTest -->
</testsuite> <!-- Data Provider -->
