<?xml version="1.0" encoding="UTF-8"?>
<!-- Generated by org.testng.reporters.JUnitXMLReporter -->
<testsuite ignored="1" hostname="RC2040" failures="0" tests="2" name="Test1" time="0.068" errors="0" timestamp="2024-09-18T05:02:12 PKT">
  <testcase classname="com.mvn.testng.project.GroupExample" name="invalidLoginTest" time="0.013"/>
  <testcase classname="com.mvn.testng.project.GroupExample" name="loginTest" time="0.001"/>
  <testcase classname="com.mvn.testng.project.GroupExample" name="logoutTest" time="0.0">
    <ignored/>
  </testcase> <!-- logoutTest -->
</testsuite> <!-- Test1 -->
