<?xml version="1.0" encoding="UTF-8"?>
<!-- Generated by org.testng.reporters.JUnitXMLReporter -->
<testsuite ignored="0" hostname="RC2040" failures="0" tests="3" name="Login" time="0.111" errors="0" timestamp="2024-09-18T04:23:04 PKT">
  <testcase classname="com.mvn.testng.project.MvnTestNGTest" name="userRegistration" time="0.01"/>
  <testcase classname="com.mvn.testng.project.MVNTestNGTest1" name="validateTitle" time="0.02"/>
  <testcase classname="com.mvn.testng.project.MvnTestNGTest" name="login" time="0.003"/>
</testsuite> <!-- Login -->
