<?xml version="1.0" encoding="UTF-8"?>
<!-- Generated by org.testng.reporters.JUnitXMLReporter -->
<testsuite ignored="0" hostname="RC2040" failures="0" tests="4" name="Test" time="2.027" errors="0" timestamp="2024-09-18T05:04:13 PKT">
  <testcase classname="com.mvn.testng.project.MyTestClass1" name="testMethod2" time="2.005"/>
  <testcase classname="com.mvn.testng.project.MyTestClass2" name="testMethod4" time="2.006"/>
  <testcase classname="com.mvn.testng.project.MyTestClass2" name="testMethod3" time="2.013"/>
  <testcase classname="com.mvn.testng.project.MyTestClass1" name="testMethod1" time="2.014"/>
</testsuite> <!-- Test -->
